<?xml version="1.0" encoding="UTF-8"?>
<!-- Generated by org.testng.reporters.JUnitXMLReporter -->
<testsuite ignored="0" hostname="Tech04" failures="0" tests="2" name="Ignite Solutions Automation" time="0.75" errors="0" timestamp="2021-07-15T22:11:58 IST">
  <testcase classname="AutomationTestCases.IgniteSolutions.TestCase" name="getButtonCount" time="0.455"/>
  <testcase classname="AutomationTestCases.IgniteSolutions.TestCase" name="validateTitle" time="0.011"/>
</testsuite> <!-- Ignite Solutions Automation -->
