<?xml version="1.0" encoding="UTF-8"?>
<testng-results ignored="0" total="2" passed="2" failed="0" skipped="0">
  <reporter-output>
  </reporter-output>
  <suite started-at="2021-07-15T22:11:57 IST" name="Suite" finished-at="2021-07-15T22:11:58 IST" duration-ms="750">
    <groups>
    </groups>
    <test started-at="2021-07-15T22:11:57 IST" name="Ignite Solutions Automation" finished-at="2021-07-15T22:11:58 IST" duration-ms="750">
      <class name="AutomationTestCases.IgniteSolutions.TestCase">
        <test-method is-config="true" signature="getURL()[pri:0, instance:AutomationTestCases.IgniteSolutions.TestCase@71a9b4c7]" started-at="2021-07-15T22:11:57 IST" name="getURL" finished-at="2021-07-15T22:11:58 IST" duration-ms="240" status="PASS">
          <reporter-output>
          </reporter-output>
        </test-method> <!-- getURL -->
        <test-method signature="getButtonCount()[pri:0, instance:AutomationTestCases.IgniteSolutions.TestCase@71a9b4c7]" started-at="2021-07-15T22:11:58 IST" name="getButtonCount" finished-at="2021-07-15T22:11:58 IST" duration-ms="455" status="PASS">
          <reporter-output>
          </reporter-output>
        </test-method> <!-- getButtonCount -->
        <test-method signature="validateTitle()[pri:0, instance:AutomationTestCases.IgniteSolutions.TestCase@71a9b4c7]" started-at="2021-07-15T22:11:58 IST" name="validateTitle" finished-at="2021-07-15T22:11:58 IST" duration-ms="11" status="PASS">
          <reporter-output>
          </reporter-output>
        </test-method> <!-- validateTitle -->
      </class> <!-- AutomationTestCases.IgniteSolutions.TestCase -->
    </test> <!-- Ignite Solutions Automation -->
  </suite> <!-- Suite -->
</testng-results>
