<?xml version="1.0" encoding="UTF-8"?>
<testng-results ignored="0" total="1" passed="1" failed="0" skipped="0">
  <reporter-output>
  </reporter-output>
  <suite started-at="2021-07-15T22:05:37 IST" name="Suite" finished-at="2021-07-15T22:05:38 IST" duration-ms="1115">
    <groups>
    </groups>
    <test started-at="2021-07-15T22:05:37 IST" name="Ignite Solutions Automation" finished-at="2021-07-15T22:05:38 IST" duration-ms="1115">
      <class name="AutomationTestCases.IgniteSolutions.TestCase">
        <test-method is-config="true" signature="getURL()[pri:0, instance:AutomationTestCases.IgniteSolutions.TestCase@4bd2f0dc]" started-at="2021-07-15T22:05:37 IST" name="getURL" finished-at="2021-07-15T22:05:38 IST" duration-ms="1060" status="PASS">
          <reporter-output>
          </reporter-output>
        </test-method> <!-- getURL -->
        <test-method signature="validateTitle()[pri:0, instance:AutomationTestCases.IgniteSolutions.TestCase@4bd2f0dc]" started-at="2021-07-15T22:05:38 IST" name="validateTitle" finished-at="2021-07-15T22:05:38 IST" duration-ms="12" status="PASS">
          <reporter-output>
          </reporter-output>
        </test-method> <!-- validateTitle -->
      </class> <!-- AutomationTestCases.IgniteSolutions.TestCase -->
    </test> <!-- Ignite Solutions Automation -->
  </suite> <!-- Suite -->
</testng-results>
