<?xml version="1.0" encoding="UTF-8"?>
<testng-results ignored="0" total="1" passed="1" failed="0" skipped="0">
  <reporter-output>
  </reporter-output>
  <suite started-at="2021-07-15T18:12:07 IST" name="Default suite" finished-at="2021-07-15T18:12:07 IST" duration-ms="84">
    <groups>
    </groups>
    <test started-at="2021-07-15T18:12:07 IST" name="Default test" finished-at="2021-07-15T18:12:07 IST" duration-ms="84">
      <class name="AutomationTestCases.IgniteSolutions.TestCase">
        <test-method signature="testcase()[pri:0, instance:AutomationTestCases.IgniteSolutions.TestCase@21a5fd96]" started-at="2021-07-15T18:12:07 IST" name="testcase" finished-at="2021-07-15T18:12:07 IST" duration-ms="20" status="PASS">
          <reporter-output>
          </reporter-output>
        </test-method> <!-- testcase -->
      </class> <!-- AutomationTestCases.IgniteSolutions.TestCase -->
    </test> <!-- Default test -->
  </suite> <!-- Default suite -->
</testng-results>
