<?xml version="1.0" encoding="UTF-8"?>
<testng-results ignored="0" total="1" passed="1" failed="0" skipped="0">
  <reporter-output>
  </reporter-output>
  <suite started-at="2021-07-16T21:08:52 IST" name="Default suite" finished-at="2021-07-16T21:09:03 IST" duration-ms="11083">
    <groups>
    </groups>
    <test started-at="2021-07-16T21:08:52 IST" name="Default test" finished-at="2021-07-16T21:09:03 IST" duration-ms="11083">
      <class name="AutomationTestCases.IgniteSolutions.testCase_VerifyFileDownload">
        <test-method is-config="true" signature="validateTitle()[pri:0, instance:AutomationTestCases.IgniteSolutions.testCase_VerifyFileDownload@4e9658b5]" started-at="2021-07-16T21:08:52 IST" name="validateTitle" finished-at="2021-07-16T21:08:52 IST" duration-ms="19" status="PASS">
          <reporter-output>
          </reporter-output>
        </test-method> <!-- validateTitle -->
        <test-method signature="toDownloadFile()[pri:0, instance:AutomationTestCases.IgniteSolutions.testCase_VerifyFileDownload@4e9658b5]" started-at="2021-07-16T21:08:52 IST" name="toDownloadFile" finished-at="2021-07-16T21:09:03 IST" duration-ms="11001" status="PASS">
          <reporter-output>
          </reporter-output>
        </test-method> <!-- toDownloadFile -->
        <test-method is-config="true" signature="tearDown()[pri:0, instance:AutomationTestCases.IgniteSolutions.testCase_VerifyFileDownload@4e9658b5]" started-at="2021-07-16T21:09:03 IST" name="tearDown" finished-at="2021-07-16T21:09:03 IST" duration-ms="0" status="PASS">
          <reporter-output>
          </reporter-output>
        </test-method> <!-- tearDown -->
      </class> <!-- AutomationTestCases.IgniteSolutions.testCase_VerifyFileDownload -->
    </test> <!-- Default test -->
  </suite> <!-- Default suite -->
</testng-results>
